2025-05-24 14:46:30,502 - __main__ - INFO - Starting API server...
2025-05-24 14:46:30,509 - __main__ - INFO - API server started on port 8000
2025-05-24 14:46:32,510 - __main__ - INFO - Starting Streamlit web UI...
2025-05-24 14:46:32,519 - __main__ - INFO - Streamlit web UI started on port 8501
2025-05-24 14:46:35,762 - __main__ - INFO - Opened browser tabs for API docs (http://localhost:8000/docs) and web UI (http://localhost:8501)
2025-05-24 14:46:36,764 - __main__ - ERROR - API server has stopped unexpectedly
2025-05-24 14:46:36,764 - __main__ - INFO - Shutting down processes...
2025-05-24 14:46:36,765 - __main__ - INFO - Terminating API server...
2025-05-24 14:46:36,765 - __main__ - INFO - Terminating web UI...
2025-05-24 14:46:36,765 - __main__ - INFO - All processes terminated
2025-05-24 14:57:39,143 - __main__ - INFO - Starting API server...
2025-05-24 14:57:39,152 - __main__ - INFO - API server started on port 8000
2025-05-24 14:57:41,153 - __main__ - INFO - Starting Streamlit web UI...
2025-05-24 14:57:41,162 - __main__ - INFO - Streamlit web UI started on port 8501
2025-05-24 14:57:44,370 - __main__ - INFO - Opened browser tabs for API docs (http://localhost:8000/docs) and web UI (http://localhost:8501)
2025-05-24 14:57:45,375 - __main__ - ERROR - API server has stopped unexpectedly
2025-05-24 14:57:45,375 - __main__ - INFO - Shutting down processes...
2025-05-24 14:57:45,377 - __main__ - INFO - Terminating API server...
2025-05-24 14:57:45,377 - __main__ - INFO - Terminating web UI...
2025-05-24 14:57:45,380 - __main__ - INFO - All processes terminated
2025-05-24 15:23:38,360 - __main__ - INFO - Model found at D:\Internship\models\demo_model.pkl
2025-05-24 15:23:38,362 - __main__ - INFO - Starting API server...
2025-05-24 15:23:38,372 - __main__ - INFO - API server started on port 8000
2025-05-24 15:23:41,393 - __main__ - INFO - Waiting for API server to start... (1/30)
2025-05-24 15:23:44,412 - __main__ - INFO - Waiting for API server to start... (2/30)
2025-05-24 15:23:47,431 - __main__ - INFO - Waiting for API server to start... (3/30)
2025-05-24 15:23:50,450 - __main__ - INFO - Waiting for API server to start... (4/30)
2025-05-24 15:23:53,461 - __main__ - INFO - Waiting for API server to start... (5/30)
2025-05-24 15:23:56,480 - __main__ - INFO - Waiting for API server to start... (6/30)
2025-05-24 15:23:59,504 - __main__ - INFO - Waiting for API server to start... (7/30)
2025-05-24 15:24:02,518 - __main__ - INFO - Waiting for API server to start... (8/30)
2025-05-24 15:24:05,536 - __main__ - INFO - Waiting for API server to start... (9/30)
2025-05-24 15:24:08,556 - __main__ - INFO - Waiting for API server to start... (10/30)
2025-05-24 15:24:11,572 - __main__ - INFO - Waiting for API server to start... (11/30)
2025-05-24 15:24:14,591 - __main__ - INFO - Waiting for API server to start... (12/30)
2025-05-24 15:24:17,607 - __main__ - INFO - Waiting for API server to start... (13/30)
2025-05-24 15:24:20,621 - __main__ - INFO - Waiting for API server to start... (14/30)
2025-05-24 15:24:23,634 - __main__ - INFO - Waiting for API server to start... (15/30)
2025-05-24 15:24:26,647 - __main__ - INFO - Waiting for API server to start... (16/30)
2025-05-24 15:24:29,672 - __main__ - INFO - Waiting for API server to start... (17/30)
2025-05-24 15:24:32,696 - __main__ - INFO - Waiting for API server to start... (18/30)
2025-05-24 15:24:35,708 - __main__ - INFO - Waiting for API server to start... (19/30)
2025-05-24 15:24:38,721 - __main__ - INFO - Waiting for API server to start... (20/30)
2025-05-24 15:24:41,742 - __main__ - INFO - Waiting for API server to start... (21/30)
2025-05-24 15:24:44,763 - __main__ - INFO - Waiting for API server to start... (22/30)
2025-05-24 15:24:47,778 - __main__ - INFO - Waiting for API server to start... (23/30)
2025-05-24 15:24:50,793 - __main__ - INFO - Waiting for API server to start... (24/30)
2025-05-24 15:24:53,823 - __main__ - INFO - Waiting for API server to start... (25/30)
2025-05-24 15:24:56,841 - __main__ - INFO - Waiting for API server to start... (26/30)
2025-05-24 15:24:59,874 - __main__ - INFO - Waiting for API server to start... (27/30)
2025-05-24 15:25:02,892 - __main__ - INFO - Waiting for API server to start... (28/30)
2025-05-24 15:25:05,918 - __main__ - INFO - Waiting for API server to start... (29/30)
2025-05-24 15:25:08,929 - __main__ - INFO - Waiting for API server to start... (30/30)
2025-05-24 15:25:08,929 - __main__ - WARNING - API server might not be fully ready, but continuing...
2025-05-24 15:25:13,036 - __main__ - INFO - Waiting for API to be healthy... (1/10)
2025-05-24 15:25:19,087 - __main__ - INFO - Waiting for API to be healthy... (2/10)
2025-05-24 15:25:25,151 - __main__ - INFO - Waiting for API to be healthy... (3/10)
2025-05-24 15:25:31,230 - __main__ - INFO - Waiting for API to be healthy... (4/10)
2025-05-24 15:25:37,317 - __main__ - INFO - Waiting for API to be healthy... (5/10)
2025-05-24 15:25:43,384 - __main__ - INFO - Waiting for API to be healthy... (6/10)
2025-05-24 15:25:49,456 - __main__ - INFO - Waiting for API to be healthy... (7/10)
2025-05-24 15:25:55,535 - __main__ - INFO - Waiting for API to be healthy... (8/10)
2025-05-24 15:26:01,620 - __main__ - INFO - Waiting for API to be healthy... (9/10)
2025-05-24 15:26:07,725 - __main__ - INFO - Waiting for API to be healthy... (10/10)
2025-05-24 15:26:09,726 - __main__ - INFO - Starting Streamlit web UI...
2025-05-24 15:26:09,735 - __main__ - INFO - Streamlit web UI started on port 8501
2025-05-24 15:26:14,918 - __main__ - INFO - Opened browser tabs for API docs (http://localhost:8000/docs) and web UI (http://localhost:8501)
2025-05-24 15:26:15,920 - __main__ - ERROR - API server has stopped unexpectedly
2025-05-24 15:26:15,920 - __main__ - INFO - Shutting down processes...
2025-05-24 15:26:15,920 - __main__ - INFO - Terminating API server...
2025-05-24 15:26:15,920 - __main__ - INFO - Terminating web UI...
2025-05-24 15:26:15,922 - __main__ - INFO - All processes terminated
2025-05-24 15:31:33,398 - __main__ - INFO - Configuration loaded successfully
2025-05-24 15:31:33,400 - __main__ - INFO - Model found at D:\Internship\models\demo_model.pkl
2025-05-24 15:31:33,400 - __main__ - INFO - Starting API server...
2025-05-24 15:31:33,406 - __main__ - INFO - API server started on port 8000
2025-05-24 15:31:38,425 - __main__ - INFO - Waiting for API server to start... (1/30)
2025-05-24 15:31:43,447 - __main__ - INFO - Waiting for API server to start... (2/30)
2025-05-24 15:31:48,454 - __main__ - INFO - Waiting for API server to start... (3/30)
2025-05-24 15:31:53,477 - __main__ - INFO - Waiting for API server to start... (4/30)
2025-05-24 15:31:58,502 - __main__ - INFO - Waiting for API server to start... (5/30)
2025-05-24 15:32:03,520 - __main__ - INFO - Waiting for API server to start... (6/30)
2025-05-24 15:32:08,535 - __main__ - INFO - Waiting for API server to start... (7/30)
2025-05-24 15:32:13,559 - __main__ - INFO - Waiting for API server to start... (8/30)
2025-05-24 15:32:18,589 - __main__ - INFO - Waiting for API server to start... (9/30)
2025-05-24 15:32:23,605 - __main__ - INFO - Waiting for API server to start... (10/30)
2025-05-24 15:32:28,608 - __main__ - INFO - Waiting for API server to start... (11/30)
2025-05-24 15:32:33,615 - __main__ - INFO - Waiting for API server to start... (12/30)
2025-05-24 15:32:38,620 - __main__ - INFO - Waiting for API server to start... (13/30)
2025-05-24 15:32:43,641 - __main__ - INFO - Waiting for API server to start... (14/30)
2025-05-24 15:32:48,656 - __main__ - INFO - Waiting for API server to start... (15/30)
2025-05-24 15:32:53,666 - __main__ - INFO - Waiting for API server to start... (16/30)
2025-05-24 15:32:58,677 - __main__ - INFO - Waiting for API server to start... (17/30)
2025-05-24 15:33:03,704 - __main__ - INFO - Waiting for API server to start... (18/30)
2025-05-24 15:33:08,732 - __main__ - INFO - Waiting for API server to start... (19/30)
2025-05-24 15:33:13,753 - __main__ - INFO - Waiting for API server to start... (20/30)
2025-05-24 15:33:18,757 - __main__ - INFO - Waiting for API server to start... (21/30)
2025-05-24 15:33:23,782 - __main__ - INFO - Waiting for API server to start... (22/30)
2025-05-24 15:33:28,808 - __main__ - INFO - Waiting for API server to start... (23/30)
2025-05-24 15:33:33,829 - __main__ - INFO - Waiting for API server to start... (24/30)
2025-05-24 15:33:38,842 - __main__ - INFO - Waiting for API server to start... (25/30)
2025-05-24 15:33:43,860 - __main__ - INFO - Waiting for API server to start... (26/30)
2025-05-24 15:33:48,880 - __main__ - INFO - Waiting for API server to start... (27/30)
2025-05-24 15:33:53,894 - __main__ - INFO - Waiting for API server to start... (28/30)
2025-05-24 15:33:58,905 - __main__ - INFO - Waiting for API server to start... (29/30)
2025-05-24 15:34:03,933 - __main__ - INFO - Waiting for API server to start... (30/30)
2025-05-24 15:34:03,933 - __main__ - WARNING - API server might not be fully ready, but continuing...
2025-05-24 15:34:08,011 - __main__ - INFO - Waiting for API to be healthy... (1/15)
2025-05-24 15:34:14,071 - __main__ - INFO - Waiting for API to be healthy... (2/15)
2025-05-24 15:34:20,129 - __main__ - INFO - Waiting for API to be healthy... (3/15)
2025-05-24 15:34:26,189 - __main__ - INFO - Waiting for API to be healthy... (4/15)
2025-05-24 15:34:32,249 - __main__ - INFO - Waiting for API to be healthy... (5/15)
2025-05-24 15:34:38,319 - __main__ - INFO - Waiting for API to be healthy... (6/15)
2025-05-24 15:34:44,386 - __main__ - INFO - Waiting for API to be healthy... (7/15)
2025-05-24 15:34:50,451 - __main__ - INFO - Waiting for API to be healthy... (8/15)
2025-05-24 15:34:56,499 - __main__ - INFO - Waiting for API to be healthy... (9/15)
2025-05-24 15:35:02,576 - __main__ - INFO - Waiting for API to be healthy... (10/15)
2025-05-24 15:35:08,637 - __main__ - INFO - Waiting for API to be healthy... (11/15)
2025-05-24 15:35:14,709 - __main__ - INFO - Waiting for API to be healthy... (12/15)
2025-05-24 15:35:20,787 - __main__ - INFO - Waiting for API to be healthy... (13/15)
2025-05-24 15:35:26,842 - __main__ - INFO - Waiting for API to be healthy... (14/15)
2025-05-24 15:35:32,888 - __main__ - INFO - Waiting for API to be healthy... (15/15)
2025-05-24 15:35:34,889 - __main__ - WARNING - API health check failed. Attempting to restart API...
2025-05-24 15:35:34,889 - __main__ - INFO - Attempting to restart the API server...
2025-05-24 15:35:34,890 - __main__ - INFO - Starting API server...
2025-05-24 15:35:34,893 - __main__ - INFO - API server started on port 8000
2025-05-24 15:35:39,910 - __main__ - INFO - Waiting for API server to start... (1/30)
2025-05-24 15:35:44,920 - __main__ - INFO - Waiting for API server to start... (2/30)
2025-05-24 15:35:49,929 - __main__ - INFO - Waiting for API server to start... (3/30)
2025-05-24 15:35:54,947 - __main__ - INFO - Waiting for API server to start... (4/30)
2025-05-24 15:35:59,974 - __main__ - INFO - Waiting for API server to start... (5/30)
2025-05-24 15:36:04,996 - __main__ - INFO - Waiting for API server to start... (6/30)
2025-05-24 15:36:10,010 - __main__ - INFO - Waiting for API server to start... (7/30)
2025-05-24 15:36:15,035 - __main__ - INFO - Waiting for API server to start... (8/30)
2025-05-24 15:36:20,049 - __main__ - INFO - Waiting for API server to start... (9/30)
2025-05-24 15:36:25,076 - __main__ - INFO - Waiting for API server to start... (10/30)
2025-05-24 15:36:30,098 - __main__ - INFO - Waiting for API server to start... (11/30)
2025-05-24 15:36:35,118 - __main__ - INFO - Waiting for API server to start... (12/30)
2025-05-24 15:36:40,129 - __main__ - INFO - Waiting for API server to start... (13/30)
2025-05-24 15:36:45,150 - __main__ - INFO - Waiting for API server to start... (14/30)
2025-05-24 15:36:50,160 - __main__ - INFO - Waiting for API server to start... (15/30)
2025-05-24 15:36:55,178 - __main__ - INFO - Waiting for API server to start... (16/30)
2025-05-24 15:37:00,204 - __main__ - INFO - Waiting for API server to start... (17/30)
2025-05-24 15:37:05,227 - __main__ - INFO - Waiting for API server to start... (18/30)
2025-05-24 15:37:10,241 - __main__ - INFO - Waiting for API server to start... (19/30)
2025-05-24 15:37:15,263 - __main__ - INFO - Waiting for API server to start... (20/30)
2025-05-24 15:37:20,282 - __main__ - INFO - Waiting for API server to start... (21/30)
2025-05-24 15:37:25,304 - __main__ - INFO - Waiting for API server to start... (22/30)
2025-05-24 15:37:30,332 - __main__ - INFO - Waiting for API server to start... (23/30)
2025-05-24 15:37:35,353 - __main__ - INFO - Waiting for API server to start... (24/30)
2025-05-24 15:37:40,358 - __main__ - INFO - Waiting for API server to start... (25/30)
2025-05-24 15:37:45,387 - __main__ - INFO - Waiting for API server to start... (26/30)
2025-05-24 15:37:50,404 - __main__ - INFO - Waiting for API server to start... (27/30)
2025-05-24 15:37:55,408 - __main__ - INFO - Waiting for API server to start... (28/30)
2025-05-24 15:38:00,421 - __main__ - INFO - Waiting for API server to start... (29/30)
2025-05-24 15:38:05,434 - __main__ - INFO - Waiting for API server to start... (30/30)
2025-05-24 15:38:05,434 - __main__ - WARNING - API server might not be fully ready, but continuing...

