2025-05-24 14:44:38,768 - __main__ - INFO - Setting up demo...
2025-05-24 14:44:38,782 - __main__ - INFO - Generating 10000 sample data points...
2025-05-24 14:44:38,978 - __main__ - INFO - Sample data saved to D:\Internship\data\raw\maintenance_data.csv
2025-05-24 14:44:38,979 - __main__ - INFO - Training demo model...
2025-05-24 14:52:06,843 - __main__ - INFO - Setting up demo...
2025-05-24 14:52:06,857 - __main__ - INFO - Using existing data from D:\Internship\data\raw\maintenance_data.csv
2025-05-24 14:52:06,896 - __main__ - INFO - Training demo model...
2025-05-24 14:56:46,832 - __main__ - INFO - Setting up demo...
2025-05-24 14:56:46,845 - __main__ - INFO - Using existing data from D:\Internship\data\raw\maintenance_data.csv
2025-05-24 14:56:46,882 - __main__ - INFO - Training demo model...
2025-05-24 14:56:55,975 - __main__ - INFO - Model accuracy: 0.9255
2025-05-24 14:56:56,025 - __main__ - INFO - Model saved to D:\Internship\models\demo_model.pkl
2025-05-24 14:56:56,027 - __main__ - INFO - Demo setup complete!
2025-05-24 14:56:56,028 - __main__ - INFO - Data saved to: D:\Internship\data\raw\maintenance_data.csv
2025-05-24 14:56:56,028 - __main__ - INFO - Model saved to: D:\Internship\models\demo_model.pkl
2025-05-24 15:22:55,144 - __main__ - INFO - Setting up demo...
2025-05-24 15:22:55,163 - __main__ - INFO - Using existing data from D:\Internship\data\raw\maintenance_data.csv
2025-05-24 15:22:55,206 - __main__ - INFO - Training demo model...
2025-05-24 15:23:02,126 - __main__ - INFO - Model accuracy: 0.9255
2025-05-24 15:23:02,170 - __main__ - INFO - Model saved to D:\Internship\models\demo_model.pkl
2025-05-24 15:23:02,177 - __main__ - INFO - Demo setup complete!
2025-05-24 15:23:02,177 - __main__ - INFO - Data saved to: D:\Internship\data\raw\maintenance_data.csv
2025-05-24 15:23:02,178 - __main__ - INFO - Model saved to: D:\Internship\models\demo_model.pkl
